Hydrogen abstraction from 1,3-dimethyl indolinone by  3H2O, reactant D
Hydrogen abstraction from 1,3-dimethyl indolinone by  3H2O, D7        
Hydrogen abstraction from 1,3-dimethyl indolinone by  3H2O, TS        
Hydrogen abstraction from 1,3-dimethyl indolinone by  3H2O, TS D7     


          VIBRATIONAL FREQUENCIES  .  .  .

          REACTANT      REACTANT          DIFFERENCE    T. STATE      T. STATE      DIFFERENCE
           LIGHT         HEAVY                           LIGHT         HEAVY
          ISOTOPE       ISOTOPE                         ISOTOPE       ISOTOPE


                                                                *             *
              3.01          2.84          0.17            -537.98       -427.83       -110.15
             24.24         23.00          1.24             28.36         26.78          1.58
             32.63         31.04          1.58             34.02         33.19          0.83
             42.83         41.75          1.08             51.62         49.04          2.59
             65.84         64.06          1.78             61.25         58.68          2.57
             74.59         73.10          1.49            107.89        104.16          3.73
             94.76         93.36          1.40            118.18        118.09          0.09
            126.40        125.96          0.44            123.35        122.87          0.48
            135.79        135.48          0.31            125.96        125.85          0.11
            143.02        141.78          1.24            135.34        133.30          2.04
            161.15        155.27          5.88            164.30        163.31          0.99
            210.72        167.90         42.82            220.32        217.60          2.72
            219.23        178.30         40.94            227.34        218.92          8.41
            226.83        192.35         34.49            236.07        229.82          6.26
            238.11        205.24         32.88            262.18        245.14         17.04
            247.38        223.44         23.93            315.81        261.90         53.91
            257.49        232.54         24.96            335.07        295.15         39.92
            270.19        255.49         14.69            346.91        316.71         30.20
            272.32        256.20         16.11            393.39        339.69         53.70
            310.79        294.75         16.04            419.45        353.92         65.53
            350.92        309.92         41.00            454.58        370.55         84.03
            378.43        327.49         50.95            469.62        432.28         37.33
            409.41        353.85         55.57            505.82        442.06         63.75
            456.28        374.95         81.33            520.20        457.31         62.89
            465.40        387.51         77.90            553.74        478.93         74.81
            503.68        459.21         44.47            576.65        515.23         61.42
            524.33        486.96         37.37            588.27        551.84         36.43
            550.90        504.02         46.87            596.49        575.99         20.50
            569.78        534.70         35.07            614.55        580.86         33.70
            619.38        551.79         67.60            658.98        593.68         65.30
            629.17        565.63         63.54            691.50        642.64         48.86
            681.27        589.89         91.39            723.70        658.70         65.00
            721.49        624.63         96.86            736.99        686.94         50.05
            747.37        639.90        107.47            757.27        723.84         33.43
            750.73        716.95         33.77            776.32        736.92         39.41
            771.92        741.70         30.22            802.22        750.28         51.94
            781.36        761.00         20.36            843.62        756.34         87.28
            823.38        768.95         54.43            854.98        774.57         80.41
            879.65        805.15         74.50            909.16        839.39         69.77
            886.11        855.75         30.35            915.51        854.53         60.98
            913.54        884.82         28.72            943.29        878.88         64.41
            950.15        920.09         30.05            948.55        909.09         39.45
            983.32        948.66         34.66           1010.69        915.23         95.46
           1004.89        967.49         37.40           1024.85        948.54         76.31
           1045.21        983.34         61.88           1037.22        982.32         54.90
           1071.85       1045.36         26.49           1075.25       1015.30         59.95
           1088.11       1053.65         34.46           1083.46       1037.12         46.33
           1114.00       1092.19         21.81           1116.38       1062.95         53.43
           1132.18       1105.50         26.68           1140.19       1082.93         57.26
           1154.95       1133.74         21.21           1153.57       1115.82         37.74
           1159.44       1144.87         14.56           1175.68       1139.74         35.93
           1184.32       1154.95         29.37           1222.19       1153.54         68.65
           1224.74       1184.89         39.85           1250.06       1174.51         75.55
           1262.54       1190.43         72.11           1266.03       1178.65         87.38
           1297.52       1198.47         99.05           1343.51       1194.01        149.50
           1323.30       1206.14        117.17           1349.04       1221.13        127.92
           1340.90       1211.32        129.58           1365.81       1251.43        114.38
           1388.35       1257.58        130.77           1400.45       1265.13        135.32
           1405.65       1295.09        110.56           1416.46       1290.90        125.55
           1417.48       1335.43         82.06           1422.40       1346.64         75.76
           1458.83       1387.89         70.94           1458.29       1364.66         93.63
           1490.40       1404.76         85.64           1486.11       1399.91         86.20
           1493.69       1417.22         76.47           1490.37       1406.86         83.51
           1498.52       1458.66         39.85           1495.43       1421.72         73.71
           1500.69       1490.39         10.30           1500.33       1456.38         43.95
           1506.49       1493.82         12.67           1507.63       1475.06         32.57
           1532.02       1497.67         34.35           1515.14       1488.27         26.87
           1639.42       1500.28        139.14           1559.23       1490.37         68.86
           1641.91       1505.70        136.21           1612.77       1498.09        114.68
           1650.64       1531.91        118.73           1620.41       1507.27        113.14
           1655.21       1639.05         16.16           1639.03       1514.23        124.79
           1664.09       1650.82         13.27           1647.79       1516.88        130.91
           1702.53       1700.45          2.07           1692.23       1605.01         87.22
           3046.19       2238.60        807.59           1800.81       1626.26        174.56
           3056.71       2422.51        634.20           2127.38       1667.26        460.11
           3059.35       2472.88        586.47           2518.51       1849.40        669.11
           3111.98       2522.65        589.33           2811.82       2059.45        752.37
           3124.96       2796.57        328.39           3006.37       2759.16        247.22
           3136.98       2799.66        337.32           3036.04       2775.16        260.89
           3170.43       2803.78        366.65           3052.85       2790.39        262.46
           3187.69       3056.72        130.97           3081.29       3006.22         75.07
           3195.59       3058.66        136.93           3109.54       3035.99         73.56
           3207.77       3111.98         95.78           3155.81       3052.83        102.98
           3216.80       3124.24         92.56           3170.99       3081.29         89.70
           3332.70       3136.94        195.76           3182.12       3109.54         72.58
           3403.84       3170.43        233.41           3190.74       3155.81         34.93
           3476.03       3187.69        288.34           3202.30       3170.99         31.31
           3842.22       3195.59        646.63           3794.79       3182.12        612.67
           3846.24       3207.77        638.47           3816.12       3190.73        625.38
           3850.49       3216.80        633.69           3836.85       3202.29        634.56
             SUM OF ISOTOPIC SHIFTS   10051.21                                       9150.50


          *   NORMAL VIBRATIONAL FREQUENCIES ASSOCIATED WITH THE REACTION COORDINATE




       Components of partition function ratios:

       TEMP.    V1(*)/V2(*)      VP          EXC        ZPE         HRR
       288.0000    1.25747     0.76930    1.56713     7.20315   10.919976
       298.0000    1.25747     0.76930    1.57397     6.74126   10.264396
       300.0000    1.25747     0.76930    1.57523     6.65603   10.142729
       310.0000    1.25747     0.76930    1.58096     6.26129    9.575917
       320.0000    1.25747     0.76930    1.58584     5.91247    9.070309
       330.0000    1.25747     0.76930    1.58989     5.60246    8.616698
       340.0000    1.25747     0.76930    1.59317     5.32561    8.207802
       350.0000    1.25747     0.76930    1.59572     5.07711    7.837335
       360.0000    1.25747     0.76930    1.59758     4.85313    7.500335
       370.0000    1.25747     0.76930    1.59881     4.65023    7.192251
Hydrogen abstraction from 1,3-dimethyl indolinone by  4H2O, NaOH react
Hydrogen abstraction from 1,3-dimethyl indolinone by  4H2O, NaOH, D10 
Hydrogen abstraction from 1,3-dimethyl indolinone by  4H2O, NaOH, TS  
Hydrogen abstraction from 1,3-dimethyl indolinone by  4H2O, NaOH, TS D


          VIBRATIONAL FREQUENCIES  .  .  .

          REACTANT      REACTANT          DIFFERENCE    T. STATE      T. STATE      DIFFERENCE
           LIGHT         HEAVY                           LIGHT         HEAVY
          ISOTOPE       ISOTOPE                         ISOTOPE       ISOTOPE


                                                                *             *
              5.00          5.00          0.00           -1133.43       -849.46       -283.97
             22.41         21.61          0.79             25.50         23.82          1.67
             34.12         32.98          1.14             32.17         30.60          1.57
             42.52         40.53          1.99             35.61         34.53          1.07
             44.33         43.03          1.30             45.62         41.50          4.11
             55.12         51.53          3.59             50.96         43.60          7.37
             63.54         61.11          2.43             56.13         50.01          6.12
             70.72         66.48          4.24             58.81         52.02          6.78
             82.62         78.55          4.07             66.26         60.96          5.30
             97.41         96.65          0.76             69.46         67.11          2.35
            106.40        104.63          1.77             79.74         75.83          3.91
            120.58        115.14          5.44             87.51         83.54          3.97
            127.53        127.19          0.34            125.29         97.42         27.87
            135.63        135.17          0.47            125.44        125.31          0.13
            139.89        135.74          4.15            127.45        126.12          1.33
            150.14        140.69          9.45            128.67        128.16          0.51
            161.37        148.86         12.52            145.57        138.77          6.79
            173.24        153.35         19.89            164.44        143.48         20.95
            206.79        165.50         41.29            181.39        162.80         18.59
            215.94        169.80         46.14            192.63        166.77         25.85
            218.67        179.14         39.52            193.83        180.54         13.29
            222.45        181.61         40.84            213.09        186.02         27.07
            234.12        186.96         47.16            218.96        199.08         19.89
            242.29        192.37         49.92            224.58        203.26         21.32
            246.01        211.54         34.46            232.09        206.39         25.70
            254.38        222.19         32.19            256.39        211.64         44.76
            258.29        245.20         13.09            260.15        217.41         42.75
            259.85        250.58          9.27            263.18        222.07         41.11
            270.80        254.37         16.43            269.40        236.41         32.99
            294.01        259.28         34.73            278.31        253.51         24.80
            310.33        282.59         27.74            283.53        259.53         24.00
            339.05        286.78         52.27            303.54        263.30         40.24
            355.77        309.14         46.63            309.52        276.93         32.59
            356.66        327.98         28.68            311.96        300.28         11.68
            378.50        334.52         43.98            339.55        331.36          8.20
            384.63        350.78         33.85            372.44        355.32         17.13
            456.53        364.43         92.10            454.01        358.03         95.98
            464.17        376.43         87.74            485.34        367.79        117.55
            498.71        412.63         86.08            493.89        407.46         86.43
            504.00        459.82         44.18            498.97        430.86         68.11
            551.39        488.48         62.91            517.30        461.02         56.29
            570.25        502.77         67.48            551.04        491.22         59.82
            572.00        542.53         29.47            563.13        515.18         47.95
            621.53        565.44         56.09            578.41        560.51         17.90
            629.77        570.61         59.16            608.73        577.66         31.07
            675.76        598.28         77.48            637.03        595.23         41.79
            722.23        626.57         95.66            652.22        604.60         47.61
            750.57        713.36         37.21            726.22        635.50         90.72
            770.99        719.70         51.29            744.59        656.30         88.29
            779.60        743.63         35.97            770.97        726.18         44.80
            787.35        767.52         19.83            802.69        742.61         60.08
            827.65        770.45         57.20            820.72        765.99         54.73
            878.45        808.56         69.89            829.95        800.19         29.76
            913.17        871.73         41.44            860.00        825.46         34.54
            951.99        889.56         62.42            866.58        864.27          2.31
            983.58        923.56         60.03            915.86        907.82          8.04
            991.37        951.00         40.37            922.44        921.46          0.97
           1013.35        982.94         30.40            958.84        958.77          0.07
           1042.05        985.51         56.54           1031.95        970.12         61.83
           1074.85       1041.84         33.02           1040.60       1018.80         21.79
           1089.63       1054.51         35.13           1074.35       1039.45         34.90
           1113.91       1090.42         23.49           1090.46       1045.75         44.71
           1132.95       1105.12         27.83           1118.72       1090.15         28.57
           1154.24       1135.46         18.77           1139.82       1112.05         27.77
           1158.98       1143.72         15.26           1153.77       1137.89         15.88
           1182.75       1154.30         28.45           1178.26       1143.05         35.21
           1238.03       1177.50         60.53           1204.69       1153.84         50.85
           1279.56       1182.72         96.84           1271.67       1178.81         92.86
           1303.97       1190.77        113.19           1320.26       1187.57        132.70
           1342.78       1192.74        150.04           1323.83       1189.76        134.07
           1366.03       1199.97        166.06           1358.07       1197.92        160.15
           1386.90       1258.33        128.56           1392.96       1233.77        159.19
           1405.96       1260.67        145.29           1407.18       1248.88        158.30
           1412.88       1292.37        120.51           1414.53       1273.58        140.95
           1457.19       1334.72        122.47           1455.98       1333.35        122.62
           1489.86       1385.97        103.89           1489.94       1342.45        147.49
           1493.34       1402.66         90.67           1495.19       1394.87        100.32
           1500.87       1412.05         88.82           1499.08       1405.82         93.27
           1503.28       1456.93         46.36           1505.18       1413.32         91.86
           1506.46       1489.86         16.60           1508.65       1455.56         53.09
           1529.98       1493.24         36.75           1519.88       1489.95         29.93
           1610.52       1500.08        110.44           1545.03       1495.09         49.94
           1628.91       1501.86        127.05           1618.36       1502.19        116.17
           1636.73       1505.51        131.22           1624.26       1504.97        119.29
           1644.11       1529.87        114.23           1625.50       1510.37        115.13
           1650.58       1636.75         13.83           1635.76       1520.40        115.37
           1695.73       1648.44         47.29           1646.85       1616.57         30.28
           1731.35       1693.28         38.07           1654.74       1635.42         19.32
           2763.27       2019.01        744.25           1714.31       1648.65         65.66
           2912.31       2142.11        770.20           3024.95       2353.63        671.32
           3054.50       2454.35        600.15           3042.41       2362.05        680.36
           3055.42       2652.86        402.57           3084.70       2720.06        364.64
           3108.48       2730.85        377.63           3090.53       2732.15        358.38
           3122.88       2734.31        388.57           3115.83       2735.40        380.43
           3140.93       2803.24        337.69           3160.39       2793.36        367.03
           3169.80       2808.99        360.81           3176.20       2804.17        372.03
           3186.28       2818.55        367.73           3186.23       2836.65        349.58
           3196.30       2839.33        356.97           3195.99       2843.71        352.27
           3205.64       3054.49        151.15           3206.23       3024.87        181.36
           3213.91       3055.24        158.68           3232.03       3042.45        189.58
           3376.08       3108.48        267.60           3247.57       3084.69        162.88
           3668.36       3122.66        545.70           3744.63       3090.53        654.10
           3761.51       3140.93        620.58           3788.32       3115.84        672.49
           3790.69       3169.80        620.89           3796.52       3160.39        636.14
           3851.27       3186.27        665.00           3839.41       3176.20        663.21
           3859.46       3196.30        663.16           3854.00       3186.23        667.77
           3859.88       3205.64        654.24           3872.71       3195.99        676.72
           3876.31       3213.92        662.40           3882.57       3206.26        676.32
             SUM OF ISOTOPIC SHIFTS   14000.14                                      13020.66


          *   NORMAL VIBRATIONAL FREQUENCIES ASSOCIATED WITH THE REACTION COORDINATE




       Components of partition function ratios:

       TEMP.    V1(*)/V2(*)      VP          EXC        ZPE         HRR
       288.0000    1.33429     0.77725    0.78156     5.68092    4.604595
       298.0000    1.33429     0.77725    0.78503     5.35928    4.363183
       300.0000    1.33429     0.77725    0.78571     5.29966    4.318422
       310.0000    1.33429     0.77725    0.78912     5.02209    4.109995
       320.0000    1.33429     0.77725    0.79247     4.77505    3.924421
       330.0000    1.33429     0.77725    0.79577     4.55413    3.758405
       340.0000    1.33429     0.77725    0.79900     4.35550    3.609101
       350.0000    1.33429     0.77725    0.80218     4.17622    3.474293
       360.0000    1.33429     0.77725    0.80530     4.01364    3.352026
       370.0000    1.33429     0.77725    0.80836     3.86566    3.240701
Hydrogen abstraction from 6-nitro 1,3-dimethyl indolinone by  4H2O+NaO
Hydrogen abstraction from 6-nitro 1,3-dimethyl indolinone by  4H2O+NaO
Hydrogen abstraction from 6-nitro 1,3-dimethyl indolinone by  4H2O+NaO
Hydrogen abstraction from6-nitro 1,3-dimethyl indolinone by  4H2O+NaOH


          VIBRATIONAL FREQUENCIES  .  .  .

          REACTANT      REACTANT          DIFFERENCE    T. STATE      T. STATE      DIFFERENCE
           LIGHT         HEAVY                           LIGHT         HEAVY
          ISOTOPE       ISOTOPE                         ISOTOPE       ISOTOPE


                                                                *             *
             25.21         24.27          0.94            -612.08       -511.09       -101.00
             30.51         29.63          0.88             27.94         27.40          0.54
             33.05         31.75          1.30             31.38         30.10          1.28
             41.87         41.20          0.67             38.72         37.66          1.07
             45.55         42.23          3.32             47.12         43.56          3.55
             49.68         47.44          2.25             48.08         45.89          2.19
             57.71         55.36          2.35             51.73         50.11          1.62
             64.08         60.61          3.47             58.15         56.34          1.82
             69.66         66.74          2.92             66.01         64.47          1.53
             81.00         74.55          6.46             81.22         77.36          3.86
             87.35         84.25          3.10             88.21         83.60          4.62
             88.39         86.27          2.12             92.24         88.21          4.03
            120.02         92.08         27.94             94.31         93.53          0.78
            121.34        118.67          2.67            131.30        130.21          1.08
            127.96        123.27          4.69            137.68        135.63          2.05
            130.39        128.36          2.03            140.85        137.45          3.40
            142.39        137.54          4.84            143.98        138.18          5.80
            147.00        140.75          6.25            153.80        140.40         13.40
            147.93        142.24          5.69            175.88        150.61         25.26
            166.90        143.20         23.70            182.34        166.06         16.28
            179.69        144.21         35.48            193.63        177.40         16.24
            184.72        155.62         29.10            210.36        187.39         22.97
            192.69        158.64         34.06            211.50        200.33         11.18
            205.40        168.46         36.94            224.53        204.09         20.44
            209.98        179.42         30.56            233.77        209.37         24.41
            216.45        192.71         23.74            243.50        213.20         30.30
            221.24        200.33         20.91            263.21        216.29         46.91
            234.40        208.09         26.31            267.55        222.34         45.22
            252.05        214.94         37.10            278.34        231.30         47.04
            259.17        230.50         28.67            283.21        242.15         41.06
            267.81        236.14         31.68            289.86        242.97         46.89
            282.04        246.92         35.12            298.43        257.80         40.64
            284.31        255.78         28.53            308.17        261.65         46.52
            297.01        273.81         23.20            310.87        282.39         28.49
            314.49        282.55         31.94            318.03        295.02         23.01
            326.29        286.29         40.00            326.33        306.11         20.22
            336.82        312.84         23.98            339.48        311.48         28.00
            343.67        324.50         19.17            379.03        334.55         44.49
            348.01        329.01         19.00            397.06        338.48         58.59
            379.89        335.55         44.35            421.84        361.56         60.29
            402.19        356.26         45.93            460.82        373.94         86.87
            452.43        378.49         73.94            470.69        381.87         88.82
            470.91        400.95         69.96            503.47        398.45        105.02
            494.95        466.67         28.28            519.28        441.11         78.18
            520.05        484.34         35.70            525.24        470.44         54.80
            534.74        515.21         19.53            542.57        520.00         22.57
            579.85        529.04         50.80            571.33        535.31         36.02
            602.37        549.25         53.12            587.39        552.79         34.60
            625.06        578.09         46.97            614.23        571.16         43.07
            667.29        602.17         65.13            616.55        583.48         33.06
            676.69        605.96         70.74            683.52        614.94         68.58
            735.08        667.43         67.65            728.75        628.81         99.94
            753.77        701.71         52.06            743.60        669.79         73.81
            761.18        731.37         29.80            759.50        697.96         61.54
            768.57        750.31         18.26            766.87        738.70         28.17
            795.01        767.89         27.12            792.79        752.20         40.59
            824.44        783.83         40.61            808.55        765.49         43.07
            864.10        812.50         51.60            827.31        807.17         20.13
            885.24        858.51         26.72            852.55        818.10         34.45
            905.71        878.01         27.70            877.01        850.91         26.10
            947.96        901.41         46.55            892.26        881.93         10.32
            973.96        909.16         64.81            899.12        898.85          0.26
            996.66        960.97         35.69            952.25        947.85          4.40
           1019.56        988.43         31.12            967.09        966.54          0.55
           1074.67       1002.41         72.27           1029.14        980.95         48.19
           1085.56       1050.14         35.43           1069.78        999.01         70.77
           1096.07       1081.09         14.98           1083.44       1038.60         44.83
           1138.28       1096.74         41.54           1101.63       1071.39         30.24
           1140.78       1124.38         16.40           1144.18       1103.83         40.35
           1155.44       1145.00         10.44           1151.15       1126.86         24.29
           1165.91       1150.98         14.93           1155.53       1148.64          6.89
           1242.98       1155.35         87.63           1194.06       1152.37         41.68
           1280.42       1189.32         91.10           1269.18       1155.48        113.70
           1312.91       1194.65        118.26           1307.59       1190.88        116.71
           1331.22       1197.85        133.37           1326.14       1196.92        129.23
           1350.20       1200.73        149.47           1332.16       1197.33        134.83
           1378.03       1259.88        118.15           1349.78       1225.73        124.05
           1389.82       1261.38        128.44           1398.26       1252.46        145.79
           1412.95       1295.76        117.19           1412.10       1272.86        139.24
           1419.64       1313.45        106.19           1420.21       1313.90        106.32
           1453.77       1348.66        105.11           1453.58       1324.53        129.06
           1473.01       1388.76         84.25           1476.42       1343.62        132.80
           1490.50       1411.59         78.91           1482.74       1398.36         84.38
           1500.44       1411.67         88.77           1492.19       1408.37         83.81
           1504.30       1452.91         51.39           1502.13       1418.29         83.84
           1514.91       1472.80         42.11           1510.55       1454.37         56.18
           1527.32       1490.50         36.82           1514.60       1476.63         37.96
           1538.03       1499.33         38.70           1518.37       1492.15         26.22
           1626.21       1504.26        121.94           1528.91       1500.89         28.01
           1633.53       1514.21        119.31           1625.78       1507.06        118.72
           1634.23       1527.17        107.06           1628.13       1512.17        115.95
           1645.68       1537.69        107.99           1635.94       1517.31        118.62
           1651.68       1634.15         17.53           1639.80       1525.93        113.87
           1704.41       1650.64         53.77           1649.63       1625.34         24.29
           1732.32       1701.87         30.45           1678.06       1644.23         33.83
           2734.36       2007.52        726.84           1720.21       1668.60         51.61
           2806.61       2056.41        750.21           3042.47       2309.98        732.49
           3056.30       2481.91        574.39           3051.09       2432.03        619.06
           3057.30       2726.99        330.31           3104.07       2673.09        430.98
           3112.31       2730.74        381.57           3104.27       2721.40        382.87
           3124.01       2740.68        383.34           3130.40       2732.70        397.71
           3142.97       2803.00        339.96           3166.22       2783.51        382.71
           3171.06       2811.20        359.86           3174.01       2794.36        379.65
           3206.69       2837.33        369.36           3207.45       2804.64        402.81
           3248.47       2838.04        410.42           3246.82       2836.33        410.49
           3254.50       3056.31        198.19           3250.34       3042.41        207.93
           3415.59       3057.18        358.41           3343.96       3051.11        292.85
           3765.44       3112.31        653.13           3710.44       3104.07        606.37
           3789.91       3123.89        666.02           3747.83       3104.26        643.57
           3790.10       3142.96        647.14           3788.04       3130.40        657.64
           3850.34       3171.06        679.28           3799.98       3166.22        633.76
           3862.52       3206.69        655.83           3840.48       3207.46        633.02
           3873.95       3248.47        625.48           3853.38       3246.82        606.56
           3875.15       3254.50        620.65           3872.31       3250.34        621.97
             SUM OF ISOTOPIC SHIFTS   13857.52                                      13389.66


          *   NORMAL VIBRATIONAL FREQUENCIES ASSOCIATED WITH THE REACTION COORDINATE




       Components of partition function ratios:

       TEMP.    V1(*)/V2(*)      VP          EXC        ZPE         HRR
       288.0000    1.19761     0.84125    1.32593     2.49995    3.339620
       298.0000    1.19761     0.84125    1.31851     2.42428    3.220413
       300.0000    1.19761     0.84125    1.31704     2.41000    3.197860
       310.0000    1.19761     0.84125    1.30973     2.34257    3.091142
       320.0000    1.19761     0.84125    1.30254     2.28104    2.993433
       330.0000    1.19761     0.84125    1.29549     2.22478    2.903781
       340.0000    1.19761     0.84125    1.28859     2.17305    2.821159
       350.0000    1.19761     0.84125    1.28185     2.12540    2.744867
       360.0000    1.19761     0.84125    1.27528     2.08134    2.674187
       370.0000    1.19761     0.84125    1.26888     2.04053    2.608597
Hydrogen abstraction from 5-nitro 1,3-dimethyl indolinone by  4H2O+NaO
Hydrogen abstraction from 5-nitro 1,3-dimethyl indolinone by  4H2O+NaO
Hydrogen abstraction from 5-nitro 1,3-dimethyl indolinone by  4H2O+NaO
Hydrogen abstraction from 5-nitro 1,3-dimethyl indolinone by  4H2O+NaO


          VIBRATIONAL FREQUENCIES  .  .  .

          REACTANT      REACTANT          DIFFERENCE    T. STATE      T. STATE      DIFFERENCE
           LIGHT         HEAVY                           LIGHT         HEAVY
          ISOTOPE       ISOTOPE                         ISOTOPE       ISOTOPE


                                                                *             *
             20.86         20.33          0.53            -897.39       -692.43       -204.96
             24.69         23.65          1.04             17.94         16.85          1.09
             37.06         36.16          0.90             28.51         27.08          1.43
             46.05         43.77          2.27             35.46         33.77          1.69
             51.39         47.44          3.95             40.20         39.20          1.00
             52.85         50.28          2.57             50.56         48.69          1.87
             57.31         55.16          2.15             52.87         49.94          2.94
             59.60         56.88          2.72             58.22         56.88          1.33
             72.32         71.05          1.27             64.63         63.13          1.50
             77.59         75.70          1.90             79.20         75.43          3.77
             84.93         81.81          3.12             82.30         81.44          0.86
            109.25        106.99          2.26             93.30         89.10          4.20
            119.08        114.40          4.68            117.46        116.49          0.97
            124.36        117.97          6.39            126.33        117.44          8.89
            130.91        128.59          2.32            131.20        129.29          1.92
            137.37        130.15          7.22            138.69        133.98          4.72
            148.20        136.34         11.85            159.01        150.30          8.71
            152.14        143.76          8.38            168.66        156.42         12.24
            159.98        146.56         13.41            176.45        157.57         18.88
            174.98        149.03         25.95            185.03        165.67         19.35
            181.41        156.02         25.39            193.40        169.96         23.45
            191.61        164.90         26.71            206.32        176.20         30.11
            204.46        168.35         36.10            210.44        180.73         29.71
            211.40        172.91         38.49            219.08        186.46         32.62
            215.49        178.78         36.71            224.33        191.20         33.13
            227.79        185.39         42.41            231.83        195.58         36.25
            231.80        191.68         40.12            244.90        205.72         39.18
            237.60        203.98         33.62            246.36        218.95         27.40
            241.33        234.96          6.36            255.95        226.41         29.54
            249.53        245.29          4.23            258.10        243.58         14.53
            266.28        246.48         19.80            270.12        250.07         20.06
            271.08        252.95         18.13            272.45        255.77         16.68
            295.55        270.20         25.36            289.88        269.82         20.07
            325.24        281.30         43.94            307.90        277.96         29.94
            335.72        285.58         50.14            322.91        284.27         38.64
            348.91        321.15         27.76            357.03        309.79         47.24
            352.61        328.25         24.37            366.20        339.06         27.14
            367.29        333.83         33.46            367.61        354.86         12.76
            376.64        346.89         29.75            381.21        364.79         16.41
            386.24        365.51         20.73            462.19        374.93         87.26
            442.44        366.55         75.89            466.61        381.62         84.99
            469.62        385.44         84.18            510.01        403.66        106.35
            503.86        412.01         91.85            523.03        418.28        104.75
            524.51        465.63         58.88            533.41        432.23        101.18
            562.62        490.21         72.40            543.22        465.35         77.88
            568.58        516.38         52.20            567.37        503.06         64.31
            569.43        538.94         30.49            578.81        529.17         49.63
            601.31        560.06         41.25            582.63        563.71         18.92
            628.01        568.39         59.61            604.83        570.70         34.12
            659.63        601.46         58.17            610.57        580.26         30.31
            675.84        605.15         70.68            658.29        603.17         55.12
            734.55        653.12         81.44            681.06        612.54         68.52
            743.85        703.14         40.72            736.99        651.96         85.03
            756.27        732.36         23.91            756.73        680.92         75.81
            779.82        749.67         30.15            782.94        736.93         46.01
            786.65        769.14         17.51            799.86        753.02         46.84
            825.11        782.46         42.65            802.27        780.40         21.87
            850.05        815.54         34.50            828.03        798.40         29.63
            914.11        848.96         65.15            839.07        820.38         18.69
            922.26        886.27         35.99            842.11        840.94          1.17
            954.84        901.56         53.28            911.49        909.30          2.19
            976.26        935.93         40.33            920.28        912.86          7.42
            979.03        954.88         24.15            930.02        921.40          8.62
           1010.58        977.73         32.85            963.18        963.17          0.01
           1063.74        995.10         68.64           1021.39        981.49         39.90
           1091.97       1049.41         42.56           1061.20       1007.68         53.52
           1104.14       1068.63         35.51           1087.58       1037.54         50.04
           1126.43       1101.27         25.16           1117.58       1066.14         51.44
           1152.27       1133.82         18.45           1129.66       1113.56         16.10
           1154.95       1141.01         13.94           1154.08       1130.04         24.04
           1166.60       1154.73         11.87           1159.03       1140.65         18.39
           1235.65       1161.24         74.41           1199.48       1154.13         45.35
           1271.04       1179.13         91.91           1262.77       1160.51        102.26
           1305.25       1189.78        115.47           1295.17       1174.41        120.76
           1329.58       1196.81        132.77           1308.36       1190.29        118.07
           1343.15       1200.39        142.76           1341.75       1197.56        144.20
           1373.34       1259.13        114.20           1360.12       1231.70        128.42
           1384.45       1260.40        124.05           1393.81       1247.51        146.30
           1413.82       1280.57        133.25           1417.05       1264.43        152.62
           1414.84       1311.14        103.69           1420.58       1300.78        119.80
           1459.64       1341.63        118.01           1459.21       1315.85        143.37
           1471.93       1384.02         87.91           1466.85       1350.66        116.20
           1491.89       1411.68         80.22           1491.69       1393.87         97.82
           1498.85       1414.08         84.77           1496.44       1416.53         79.91
           1503.92       1459.55         44.37           1502.69       1420.44         82.25
           1505.41       1470.07         35.35           1508.18       1458.81         49.37
           1523.25       1491.89         31.37           1518.37       1465.86         52.52
           1533.37       1497.81         35.57           1523.01       1491.72         31.29
           1612.60       1503.26        109.33           1532.71       1500.39         32.32
           1628.03       1504.23        123.80           1606.31       1502.56        103.75
           1635.98       1522.96        113.02           1624.80       1508.75        116.05
           1644.26       1533.36        110.90           1628.05       1522.57        105.48
           1648.24       1635.99         12.24           1640.75       1525.18        115.57
           1714.90       1646.44         68.46           1643.23       1624.21         19.02
           1733.05       1712.77         20.28           1678.18       1639.66         38.52
           2775.10       2030.00        745.09           1713.08       1668.02         45.05
           2850.16       2095.11        755.05           3036.12       2357.39        678.73
           3057.87       2497.58        560.29           3053.54       2425.50        628.05
           3061.52       2650.13        411.39           3099.83       2655.09        444.74
           3119.63       2729.35        390.28           3107.91       2711.68        396.23
           3126.24       2734.61        391.63           3127.88       2729.43        398.44
           3147.46       2803.31        344.15           3166.94       2794.70        372.24
           3173.49       2807.92        365.57           3217.15       2803.83        413.32
           3224.31       2816.90        407.42           3240.43       2818.87        421.57
           3231.05       2837.93        393.12           3240.58       2837.43        403.14
           3247.60       3057.70        189.90           3248.36       3036.05        212.31
           3438.00       3061.52        376.48           3334.62       3053.55        281.07
           3664.16       3119.63        544.53           3671.41       3099.83        571.58
           3762.11       3126.09        636.01           3729.30       3107.91        621.39
           3788.69       3147.46        641.23           3788.67       3127.88        660.79
           3850.33       3173.49        676.84           3841.05       3166.93        674.11
           3858.01       3224.31        633.69           3852.46       3217.15        635.31
           3858.03       3231.03        627.00           3859.99       3240.45        619.55
           3874.03       3247.60        626.43           3873.56       3248.36        625.20
             SUM OF ISOTOPIC SHIFTS   13947.10                                      13261.34


          *   NORMAL VIBRATIONAL FREQUENCIES ASSOCIATED WITH THE REACTION COORDINATE




       Components of partition function ratios:

       TEMP.    V1(*)/V2(*)      VP          EXC        ZPE         HRR
       288.0000    1.29600     0.78624    1.12582     3.32294    3.811996
       298.0000    1.29600     0.78624    1.12381     3.19170    3.654915
       300.0000    1.29600     0.78624    1.12341     3.16708    3.625429
       310.0000    1.29600     0.78624    1.12140     3.05148    3.486838
       320.0000    1.29600     0.78624    1.11939     2.94692    3.361340
       330.0000    1.29600     0.78624    1.11740     2.85199    3.247280
       340.0000    1.29600     0.78624    1.11544     2.76541    3.143165
       350.0000    1.29600     0.78624    1.11351     2.68620    3.047847
       360.0000    1.29600     0.78624    1.11161     2.61349    2.960294
       370.0000    1.29600     0.78624    1.10976     2.54649    2.879600
Hydrogen abstraction from 5-amino 1,3-dimethyl indolinone by  4H2O+NaO
Hydrogen abstraction from 5-amino 1,3-dimethyl indolinone by  4H2O+NaO
Hydrogen abstraction from 5-amino 1,3-dimethyl indolinone by  4H2O+NaO
Hydrogen abstraction from 5-amino 1,3-dimethyl indolinone by  4H2O+NaO


          VIBRATIONAL FREQUENCIES  .  .  .

          REACTANT      REACTANT          DIFFERENCE    T. STATE      T. STATE      DIFFERENCE
           LIGHT         HEAVY                           LIGHT         HEAVY
          ISOTOPE       ISOTOPE                         ISOTOPE       ISOTOPE


                                                                *             *
             13.60         12.41          1.18           -1185.79       -885.32       -300.47
             24.08         22.49          1.58             29.22         27.63          1.59
             27.55         26.45          1.10             32.95         31.52          1.43
             36.91         35.53          1.38             39.22         37.47          1.76
             44.76         42.70          2.06             41.28         39.68          1.60
             52.86         44.88          7.99             54.35         51.54          2.81
             61.41         50.82         10.59             63.26         59.67          3.59
             63.61         60.05          3.56             65.33         62.71          2.62
             66.60         63.40          3.21             71.84         67.95          3.90
             75.95         73.19          2.76             79.67         76.54          3.13
             87.45         83.80          3.66             92.83         88.97          3.86
             93.11         90.51          2.61            100.36         97.89          2.47
            103.97        101.54          2.43            129.41        127.89          1.52
            117.43        116.31          1.11            134.57        134.27          0.30
            136.51        123.86         12.65            158.70        144.71         13.99
            144.75        131.49         13.26            171.55        150.22         21.33
            153.07        136.21         16.85            180.02        158.29         21.72
            159.15        137.09         22.06            192.49        169.50         22.99
            162.91        148.30         14.61            196.51        180.90         15.61
            179.17        152.68         26.49            208.69        184.04         24.65
            187.33        166.25         21.08            212.20        189.06         23.14
            204.49        168.66         35.82            214.95        204.33         10.63
            214.19        180.78         33.41            219.89        205.88         14.00
            219.54        191.91         27.63            222.60        207.23         15.38
            221.18        194.07         27.11            252.22        211.28         40.94
            235.79        198.13         37.66            254.81        215.86         38.96
            250.45        208.05         42.40            263.54        221.15         42.40
            251.15        217.35         33.79            266.66        225.71         40.94
            259.29        222.33         36.95            276.07        227.91         48.16
            261.85        225.91         35.94            279.27        241.28         37.99
            283.01        248.35         34.65            306.68        250.99         55.69
            292.96        253.25         39.71            309.16        252.25         56.91
            299.51        258.18         41.32            314.59        259.41         55.18
            323.60        277.91         45.70            321.17        279.12         42.06
            336.17        289.30         46.88            325.55        297.73         27.82
            341.58        321.52         20.06            342.54        307.98         34.56
            352.41        332.54         19.87            390.89        326.33         64.56
            361.60        341.29         20.32            399.06        359.29         39.77
            393.60        343.99         49.60            423.45        361.33         62.11
            403.95        347.28         56.67            444.21        377.66         66.55
            451.34        380.69         70.65            457.56        390.40         67.15
            460.54        396.15         64.38            491.19        409.16         82.03
            469.74        438.63         31.11            502.74        431.04         71.70
            478.21        455.63         22.59            507.10        446.66         60.44
            566.90        493.66         73.24            555.98        452.75        103.23
            594.20        494.81         99.39            578.47        498.65         79.82
            606.26        553.15         53.11            591.76        522.46         69.30
            626.58        575.47         51.11            619.81        572.75         47.06
            660.49        595.03         65.47            621.35        590.25         31.10
            681.59        603.09         78.50            646.77        607.30         39.47
            711.08        643.73         67.34            682.02        618.07         63.96
            752.08        692.34         59.74            732.98        637.37         95.62
            758.04        704.54         53.50            754.74        656.03         98.71
            790.50        742.99         47.52            767.57        724.17         43.40
            800.99        752.98         48.00            800.90        745.54         55.36
            825.51        776.94         48.57            809.48        763.41         46.07
            903.91        824.49         79.41            825.28        797.10         28.18
            912.63        869.98         42.65            866.49        807.79         58.69
            927.84        879.73         48.12            871.87        867.63          4.23
            934.68        905.61         29.07            907.81        871.89         35.92
            978.71        907.55         71.16            912.32        907.29          5.03
           1013.15        927.40         85.75            942.68        907.74         34.94
           1076.65        944.24        132.41           1030.98        926.50        104.49
           1088.71        989.60         99.11           1073.57        972.46        101.11
           1102.32       1050.66         51.66           1087.77       1020.83         66.94
           1126.43       1088.72         37.71           1104.09       1047.75         56.34
           1150.31       1104.53         45.78           1137.22       1082.64         54.57
           1154.53       1144.26         10.27           1153.55       1118.64         34.91
           1168.89       1153.89         15.00           1157.51       1142.59         14.92
           1199.43       1159.63         39.80           1194.52       1153.61         40.91
           1271.01       1175.06         95.96           1249.20       1154.34         94.85
           1308.53       1189.10        119.43           1273.26       1173.27         99.99
           1317.35       1192.36        124.99           1324.19       1188.75        135.44
           1344.28       1195.91        148.37           1334.79       1197.71        137.08
           1373.88       1200.70        173.18           1353.08       1199.22        153.87
           1398.29       1250.08        148.22           1400.30       1232.29        168.01
           1405.74       1260.36        145.38           1407.92       1248.66        159.25
           1416.23       1284.07        132.16           1419.16       1274.32        144.84
           1456.16       1307.23        148.94           1455.27       1281.50        173.77
           1488.63       1340.95        147.69           1489.32       1326.28        163.04
           1492.58       1391.95        100.64           1491.15       1345.26        145.89
           1502.32       1398.15        104.18           1500.40       1396.97        103.43
           1512.73       1415.03         97.70           1507.50       1404.13        103.37
           1514.84       1455.59         59.25           1512.82       1415.05         97.77
           1531.00       1486.69         44.31           1520.02       1454.65         65.37
           1625.40       1488.63        136.77           1552.47       1482.56         69.91
           1631.61       1500.73        130.87           1612.22       1489.35        122.87
           1633.66       1508.97        124.68           1625.62       1502.79        122.83
           1646.66       1513.50        133.17           1636.21       1508.22        127.98
           1655.92       1529.73        126.18           1637.64       1509.62        128.02
           1667.54       1630.02         37.52           1652.87       1520.15        132.72
           1685.92       1666.35         19.57           1653.58       1607.46         46.12
           1733.68       1682.49         51.19           1661.07       1636.41         24.66
           2720.36       1988.05        732.31           1714.17       1658.42         55.76
           2902.51       2134.95        767.56           3020.91       2329.29        691.62
           3050.57       2435.83        614.74           3037.46       2373.32        664.15
           3054.43       2567.19        487.24           3081.52       2560.61        520.91
           3102.64       2689.47        413.17           3083.04       2672.88        410.16
           3119.51       2728.10        391.41           3114.51       2679.67        434.85
           3133.01       2734.22        398.78           3158.32       2718.60        439.72
           3166.71       2742.70        424.01           3172.27       2731.36        440.92
           3183.30       2804.09        379.21           3177.67       2783.26        394.41
           3184.21       2811.32        372.89           3196.98       2793.47        403.52
           3208.74       2838.70        370.04           3199.51       2803.91        395.61
           3349.52       2841.99        507.53           3263.33       2836.21        427.12
           3554.17       3050.60        503.57           3544.86       3020.83        524.03
           3643.55       3054.24        589.30           3631.71       3037.51        594.20
           3768.23       3102.64        665.59           3710.26       3081.52        628.74
           3791.56       3119.26        672.30           3742.21       3083.04        659.17
           3794.72       3133.01        661.71           3787.54       3114.52        673.02
           3852.86       3166.71        686.14           3799.54       3158.32        641.22
           3862.53       3183.29        679.23           3839.60       3172.29        667.31
           3875.66       3184.20        691.46           3853.88       3177.66        676.21
           3880.41       3208.74        671.67           3872.16       3199.29        672.87
             SUM OF ISOTOPIC SHIFTS   16809.99                                      16100.33


          *   NORMAL VIBRATIONAL FREQUENCIES ASSOCIATED WITH THE REACTION COORDINATE




       Components of partition function ratios:

       TEMP.    V1(*)/V2(*)      VP          EXC        ZPE         HRR
       288.0000    1.33939     0.74014    1.45995     2.77880    4.021785
       298.0000    1.33939     0.74015    1.45207     2.68511    3.865219
       300.0000    1.33939     0.74015    1.45051     2.66742    3.835644
       310.0000    1.33939     0.74015    1.44282     2.58439    3.696541
       320.0000    1.33939     0.74015    1.43531     2.50883    3.569780
       330.0000    1.33939     0.74015    1.42799     2.43988    3.453968
       340.0000    1.33939     0.74015    1.42087     2.37667    3.347711
       350.0000    1.33939     0.74015    1.41395     2.31863    3.250056
       360.0000    1.33939     0.74015    1.40723     2.26510    3.159940
       370.0000    1.33939     0.74015    1.40073     2.21557    3.076555
